[2026-05-16 07:01:02] seed='Ads secretly track everything you do online. AdOff blocks th...' resp={"ok":true,"channels_processed":8,"rows_inserted":8,"skipped":[],"sample":[{"lang":"de","ch":"mastodon.social","body":"Werbung verfolgt heimlich alles, was du im Internet tust. AdOff blockiert sie unsichtbar überall auf der ganzen Welt - schnellere "},{"lang":"en","ch":"mastodon.social","body":"Ads secretly track everything you do online. AdOff blocks them invisibly across the entire web - faster pages, full privacy, undet"},{"lang":"fr","ch":"mastodon.social","body":"Les publicités vous espionnent en secret sur Internet. AdOff les bloque de manière invisible partout sur le web - pages plus rapid"},{"lang":"it","ch":"mastodon.social","body":"La pubblicità ti spia segretamente online. AdOff blocca tutto in modo invisibile su tutta la rete - pagine più veloci, privacy tot"},{"lang":"ja","ch":"mastodon.social","body":"広告はあなたのオンライン行動を秘密裏に追跡しています。AdOffはウェブ全体で見えないよう広告をブロックします - 高速なページ、完全プライバシー、アドブロッカー検出システムから隠れます。adoff.appでAdOffを無料でお試しください。"},{"lang":"pt","ch":"mastodon.social","body":"Os anúncios te espionam secretamente na internet. AdOff os bloqueia invisivelmente em toda a web - páginas mais rápidas, privacida"},{"lang":"es","ch":"mastodon.social","body":"Los anuncios te espían en secreto en línea. AdOff los bloquea de manera invisible por toda la web - páginas más rápidas, privacida"},{"lang":"pl","ch":"mastodon.social","body":"Reklamy tajemniczo śledzą Twoją aktywność online. AdOff blokuje je niewidocznie na całym internecie - szybsze strony, pełna prywat"}]}
[2026-05-17 07:01:01] seed='Tired of waiting for pages buried under ads? AdOff strips th...' resp={"ok":true,"channels_processed":8,"rows_inserted":8,"skipped":[],"sample":[{"lang":"de","ch":"mastodon.social","body":"Sind Sie es leid, auf von Anzeigen überflutete Seiten zu warten? AdOff entfernt sie vor dem Laden, egal wo Sie surfen. Leichter, s"},{"lang":"en","ch":"mastodon.social","body":"Tired of waiting for pages buried under ads? AdOff strips them out before they load, everywhere you browse. Lighter, faster, distr"},{"lang":"fr","ch":"mastodon.social","body":"Fatigué d'attendre que les pages chargent sous une avalanche de publicités? AdOff les en débarasse avant qu'elles ne s'affichent, "},{"lang":"it","ch":"mastodon.social","body":"Stanco di aspettare che le pagine caricate da annunciate ti seppelliscano? AdOff le pulisce prima del caricamento, dovunque navigh"},{"lang":"ja","ch":"mastodon.social","body":"広告で溢れたページの読み込みを待つのがうんざりしていませんか？AdOffは、どこにアクセスしても読み込む前に広告を削除します。軽く、速く、そして集中力を乱すものは何もない。adoff.appでAdOffを無料でお試しください。"},{"lang":"pt","ch":"mastodon.social","body":"Cansado de esperar por páginas enterradas sob anúneis? AdOff as despeja antes de carregar, em todos os lugares que navega. Mais le"},{"lang":"es","ch":"mastodon.social","body":"Cansado de esperar a que las páginas carguen enterradas bajo anuncios? AdOff las limpia antes de cargar, dondequiera que navegues."},{"lang":"pl","ch":"mastodon.social","body":"Wyczerpały się czekaniem na stronach zagrzebanych w reklamach? AdOff usuwa je przed załadowaniem, wszędzie tam, gdzie surfujesz. L"}]}
[2026-05-18 07:00:49] seed='Most ad blockers get detected and break sites. AdOff stays i...' resp={"ok":true,"channels_processed":8,"rows_inserted":8,"skipped":[],"sample":[{"lang":"de","ch":"mastodon.social","body":"Die meisten Werbeblocker werden erkannt und brechen Websites. AdOff bleibt unsichtbar: keine Anti-Adblock-Wände, keine Nervenscree"},{"lang":"en","ch":"mastodon.social","body":"Most ad blockers get detected and break sites. AdOff stays invisible: no anti-adblock walls, no nag screens, just clean browsing o"},{"lang":"fr","ch":"mastodon.social","body":"La plupart des bloqueurs de publicités sont détectés et cassent les sites. AdOff reste invisible : pas de murs anti-adblock, pas d"},{"lang":"it","ch":"mastodon.social","body":"La maggior parte dei bloccanti pubblicitari viene rilevata e rompe i siti. AdOff rimane invisibile: nessun muro anti-adblock, ness"},{"lang":"ja","ch":"mastodon.social","body":"ほとんどの広告ブロッカーは検出され、サイトを壊します。AdOffは見えなくなります：アドブロック防止の壁もイライラする画面もなく、すべてのサイトでクリーンなブラウジングができます。adoff.appでお試しください。"},{"lang":"pt","ch":"mastodon.social","body":"A maioria dos bloqueadores de anúncios é detectada e quebra os sites. AdOff permanece invisível: sem paredes anti-adblock, sem tel"},{"lang":"es","ch":"mastodon.social","body":"La mayoría de los bloqueadores de publicidad son detectados y rompen sitios web. AdOff se mantiene invisible: sin muros anti-adblo"},{"lang":"pl","ch":"mastodon.social","body":"Większość blokad reklam jest wykrywana i psuje strony. AdOff pozostaje niewidoczny: bez murów anty-adblock, bez irytujących ekranó"}]}
[2026-05-19 07:04:41] seed='Your attention is the product being sold. AdOff quietly remo...' resp={"ok":false,"error":"curl_failed"}
[2026-05-20 07:01:34] seed='Video ads stealing your time? AdOff skips and silences them ...' resp={"ok":true,"channels_processed":8,"rows_inserted":8,"skipped":[],"sample":[{"lang":"de","ch":"mastodon.social","body":"Videowerbung stiehlt Ihre Zeit? AdOff überspringt und stummt sie automatisch, sodass der Inhalt einfach abgespielt wird. Funktioni"},{"lang":"en","ch":"mastodon.social","body":"Video ads stealing your time? AdOff skips and silences them automatically so content just plays. Works across the web, undetected."},{"lang":"fr","ch":"mastodon.social","body":"Les publicités vidéo vous volent du temps ? AdOff les saute et les mute automatiquement pour que le contenu se joue sans interrupt"},{"lang":"it","ch":"mastodon.social","body":"Le pubblicità video rubano il tuo tempo? AdOff le salta e le mette in muta automaticamente così che il contenuto si riproduca senz"},{"lang":"ja","ch":"mastodon.social","body":"動画広告が時間を奪っていますか？AdOffは自動的にスキップしてミュートし、コンテンツを邪魔することなく再生します。ウェブ全体で動作し、検出されません。AdOffはadoff.appで無料です。"},{"lang":"pt","ch":"mastodon.social","body":"Anúncios de vídeo roubando seu tempo? AdOff os pula e silencia automaticamente para que o conteúdo simplesmente seja reproduzido. "},{"lang":"es","ch":"mastodon.social","body":"¿Los anuncios de video te roban tiempo? AdOff los salta y silencia automáticamente para que el contenido se reproduzca sin interru"},{"lang":"pl","ch":"mastodon.social","body":"Reklamy wideo kradną Ci czas? AdOff automatycznie pomija i wycisza je, aby treść grała bez przeszkód. Działa na całym internecie, "}]}
[2026-05-22 07:00:01] seed='Every ad is a tracker following you between sites. AdOff cut...' resp={"message":"Workflow execution failed"}
[2026-05-23 07:00:01] seed='Clean web, less data burned, longer battery. AdOff blocks th...' resp={"message":"Workflow execution failed"}
[2026-05-25 07:00:01] seed='You should not have to fight pop-ups to read an article. AdO...' resp={"message":"Workflow execution failed"}
[2026-05-26 07:00:02] seed='Anti-adblock detectors keep beating your blocker? AdOff was ...' resp={"message":"Workflow execution failed"}
[2026-05-27 07:00:01] seed='Privacy should be the default, not a setting you fight for. ...' resp={"message":"Workflow execution failed"}
[2026-05-28 07:00:01] seed='Stanco di vedere lo stesso annuncio ovunque
UPDATE 1...' resp={"message":"Workflow execution failed"}
[2026-05-29 07:00:02] seed='Il banner che torna sempre, anche se chiudi
UPDATE 1...' resp={"message":"Workflow execution failed"}
[2026-05-30 07:00:01] seed='Caricamento pagine: la regola dei 3 secondi e perche la perd...' resp={"ok":false,"error":"curl_failed"}
[2026-05-31 07:00:01] seed='Batteria del laptop che si scarica navigando: ecco perche
UP...' resp={"message":"Workflow execution failed"}
[2026-06-01 07:00:01] seed='Adblock universale che funziona davvero, anche sui siti che ...' resp={"message":"Workflow execution failed"}
[2026-06-02 07:00:01] seed='Le piattaforme video sanno cosa guardi e per quanto: ma puoi...' resp={"message":"Workflow execution failed"}
[2026-06-03 07:00:01] seed='Pubblicita invasive che interrompono i video
UPDATE 1...' resp={"message":"Workflow execution failed"}
[2026-06-04 07:00:01] seed='Gli ad blocker tradizionali sono stati superati: ecco la nuo...' resp={"message":"Workflow execution failed"}
[2026-06-05 07:00:01] seed='Come ridurre il consumo di RAM del browser del 40%
UPDATE 1...' resp={"ok":false,"error":"curl_failed"}
[2026-07-05 07:00:02] seed='I 5 trucchi degli ads moderni e come neutralizzarli
UPDATE 1...' resp={"message":"Workflow execution failed"}
[2026-07-06 07:00:01] seed='Il pre-roll che ti fa abbandonare il video
UPDATE 1...' resp=<!DOCTYPE html>
<html lang="en">
<head>
<meta charset="utf-8">
<title>Error</title>
</head>
<body>
<pre>Cannot POST /webhook/adoff-ml-publish</pre>
</body>
</html>
[2026-07-07 07:00:01] seed='Il tuo browser dovrebbe essere veloce, non un colabrodo di t...' resp=<!DOCTYPE html>
<html lang="en">
<head>
<meta charset="utf-8">
<title>Error</title>
</head>
<body>
<pre>Cannot POST /webhook/adoff-ml-publish</pre>
</body>
</html>
[2026-07-08 07:00:01] seed='La causa principale del browser lento (e nessuno te lo dice)...' resp=<!DOCTYPE html>
<html lang="en">
<head>
<meta charset="utf-8">
<title>Error</title>
</head>
<body>
<pre>Cannot POST /webhook/adoff-ml-publish</pre>
</body>
</html>
[2026-07-09 07:00:01] seed='Cosa accade ai tuoi dati ogni volta che apri una pagina
UPDA...' resp={"ok":false,"error":"curl_failed"}
[2026-07-11 07:00:01] seed='Lo stesso ad blocker su 3 dispositivi diversi
UPDATE 1...' resp={"ok":false,"error":"curl_failed"}
[2026-07-12 07:00:01] seed='Funziona su mobile, desktop e tablet: niente compromessi
UPD...' resp={"ok":false,"error":"curl_failed"}
[2026-07-13 07:00:01] seed='Skip ad finto: ti aspetta un altro ads
UPDATE 1...' resp=<!DOCTYPE html>
<html lang="en">
<head>
<meta charset="utf-8">
<title>Error</title>
</head>
<body>
<pre>Cannot POST /webhook/adoff-ml-publish</pre>
</body>
</html>
